<?xml version="1.0" encoding="UTF-8"?>
<coverage generated="1507518368110" clover="4.2.0">
   <project name="CS441_HW2_Final" timestamp="1507518367202">
      <metrics coveredelements="714" complexity="3553" loc="29994" methods="3027" classes="130" statements="6584" packages="9" coveredconditionals="118" coveredmethods="151" elements="10499" ncloc="18534" files="118" conditionals="888" coveredstatements="445"/>
      <package name="redis.clients.jedis.params.set">
         <metrics coveredelements="0" complexity="11" loc="85" methods="7" classes="1" statements="23" coveredconditionals="0" coveredmethods="0" elements="38" ncloc="52" files="1" conditionals="8" coveredstatements="0"/>
         <file path="/Users/George/IdeaProjects/CS441_HW2_Final/src/main/java/redis/clients/jedis/params/set/SetParams.java" name="SetParams.java">
            <metrics coveredelements="0" coveredconditionals="0" complexity="11" loc="85" coveredmethods="0" methods="7" elements="38" classes="1" ncloc="52" statements="23" conditionals="8" coveredstatements="0"/>
            <class name="SetParams">
               <metrics coveredelements="0" coveredconditionals="0" complexity="11" coveredmethods="0" methods="7" elements="38" statements="23" conditionals="8" coveredstatements="0"/>
            </class>
            <line complexity="1" visibility="private" signature="SetParams()" num="15" count="0" type="method"/>
            <line complexity="1" visibility="public" signature="setParams() : SetParams" num="18" count="0" type="method"/>
            <line num="19" count="0" type="stmt"/>
            <line complexity="1" visibility="public" signature="ex(int) : SetParams" num="27" count="0" type="method"/>
            <line num="28" count="0" type="stmt"/>
            <line num="29" count="0" type="stmt"/>
            <line complexity="1" visibility="public" signature="px(long) : SetParams" num="37" count="0" type="method"/>
            <line num="38" count="0" type="stmt"/>
            <line num="39" count="0" type="stmt"/>
            <line complexity="1" visibility="public" signature="nx() : SetParams" num="46" count="0" type="method"/>
            <line num="47" count="0" type="stmt"/>
            <line num="48" count="0" type="stmt"/>
            <line complexity="1" visibility="public" signature="xx() : SetParams" num="55" count="0" type="method"/>
            <line num="56" count="0" type="stmt"/>
            <line num="57" count="0" type="stmt"/>
            <line complexity="5" visibility="public" signature="getByteParams(byte[]) : byte[][]" num="60" count="0" type="method"/>
            <line num="61" count="0" type="stmt"/>
            <line num="62" count="0" type="stmt"/>
            <line num="63" count="0" type="stmt"/>
            <line num="66" count="0" type="stmt"/>
            <line falsecount="0" truecount="0" num="66" type="cond"/>
            <line num="67" count="0" type="stmt"/>
            <line num="69" count="0" type="stmt"/>
            <line falsecount="0" truecount="0" num="69" type="cond"/>
            <line num="70" count="0" type="stmt"/>
            <line num="73" count="0" type="stmt"/>
            <line falsecount="0" truecount="0" num="73" type="cond"/>
            <line num="74" count="0" type="stmt"/>
            <line num="75" count="0" type="stmt"/>
            <line num="77" count="0" type="stmt"/>
            <line falsecount="0" truecount="0" num="77" type="cond"/>
            <line num="78" count="0" type="stmt"/>
            <line num="79" count="0" type="stmt"/>
            <line num="82" count="0" type="stmt"/>
         </file>
      </package>
      <package name="redis.clients.jedis.params">
         <metrics coveredelements="0" complexity="10" loc="54" methods="5" classes="1" statements="18" coveredconditionals="0" coveredmethods="0" elements="33" ncloc="40" files="1" conditionals="10" coveredstatements="0"/>
         <file path="/Users/George/IdeaProjects/CS441_HW2_Final/src/main/java/redis/clients/jedis/params/Params.java" name="Params.java">
            <metrics coveredelements="0" coveredconditionals="0" complexity="10" loc="54" coveredmethods="0" methods="5" elements="33" classes="1" ncloc="40" statements="18" conditionals="10" coveredstatements="0"/>
            <class name="Params">
               <metrics coveredelements="0" coveredconditionals="0" complexity="10" coveredmethods="0" methods="5" elements="33" statements="18" conditionals="10" coveredstatements="0"/>
            </class>
            <line complexity="2" visibility="public" signature="getParam(String) : T" num="14" count="0" type="method"/>
            <line num="16" count="0" type="stmt"/>
            <line num="16" count="0" type="stmt"/>
            <line falsecount="0" truecount="0" num="16" type="cond"/>
            <line num="18" count="0" type="stmt"/>
            <line complexity="2" visibility="public" signature="getByteParams() : byte[][]" num="21" count="0" type="method"/>
            <line num="22" count="0" type="stmt"/>
            <line num="24" count="0" type="stmt"/>
            <line num="25" count="0" type="stmt"/>
            <line num="26" count="0" type="stmt"/>
            <line falsecount="0" truecount="0" num="26" type="cond"/>
            <line num="27" count="0" type="stmt"/>
            <line num="31" count="0" type="stmt"/>
            <line complexity="2" visibility="public" signature="contains(String) : boolean" num="34" count="0" type="method"/>
            <line num="35" count="0" type="stmt"/>
            <line num="35" count="0" type="stmt"/>
            <line falsecount="0" truecount="0" num="35" type="cond"/>
            <line num="37" count="0" type="stmt"/>
            <line complexity="2" visibility="protected" signature="addParam(String,Object) : void" num="40" count="0" type="method"/>
            <line num="41" count="0" type="stmt"/>
            <line falsecount="0" truecount="0" num="41" type="cond"/>
            <line num="42" count="0" type="stmt"/>
            <line num="44" count="0" type="stmt"/>
            <line complexity="2" visibility="protected" signature="addParam(String) : void" num="47" count="0" type="method"/>
            <line num="48" count="0" type="stmt"/>
            <line falsecount="0" truecount="0" num="48" type="cond"/>
            <line num="49" count="0" type="stmt"/>
            <line num="51" count="0" type="stmt"/>
         </file>
      </package>
      <package name="redis.clients.jedis.commands">
         <metrics coveredelements="0" complexity="0" loc="3090" methods="0" classes="28" statements="0" coveredconditionals="0" coveredmethods="0" elements="0" ncloc="1516" files="28" conditionals="0" coveredstatements="0"/>
         <file path="/Users/George/IdeaProjects/CS441_HW2_Final/src/main/java/redis/clients/jedis/commands/BinaryJedisCommands.java" name="BinaryJedisCommands.java">
            <metrics coveredelements="0" coveredconditionals="0" complexity="0" loc="300" coveredmethods="0" methods="0" elements="0" classes="1" ncloc="149" statements="0" conditionals="0" coveredstatements="0"/>
            <class name="BinaryJedisCommands">
               <metrics coveredelements="0" coveredconditionals="0" complexity="0" coveredmethods="0" methods="0" elements="0" statements="0" conditionals="0" coveredstatements="0"/>
            </class>
         </file>
         <file path="/Users/George/IdeaProjects/CS441_HW2_Final/src/main/java/redis/clients/jedis/commands/BinaryJedisClusterCommands.java" name="BinaryJedisClusterCommands.java">
            <metrics coveredelements="0" coveredconditionals="0" complexity="0" loc="297" coveredmethods="0" methods="0" elements="0" classes="1" ncloc="150" statements="0" conditionals="0" coveredstatements="0"/>
            <class name="BinaryJedisClusterCommands">
               <metrics coveredelements="0" coveredconditionals="0" complexity="0" coveredmethods="0" methods="0" elements="0" statements="0" conditionals="0" coveredstatements="0"/>
            </class>
         </file>
         <file path="/Users/George/IdeaProjects/CS441_HW2_Final/src/main/java/redis/clients/jedis/commands/ClusterCommands.java" name="ClusterCommands.java">
            <metrics coveredelements="0" coveredconditionals="0" complexity="0" loc="49" coveredmethods="0" methods="0" elements="0" classes="1" ncloc="26" statements="0" conditionals="0" coveredstatements="0"/>
            <class name="ClusterCommands">
               <metrics coveredelements="0" coveredconditionals="0" complexity="0" coveredmethods="0" methods="0" elements="0" statements="0" conditionals="0" coveredstatements="0"/>
            </class>
         </file>
         <file path="/Users/George/IdeaProjects/CS441_HW2_Final/src/main/java/redis/clients/jedis/commands/ScriptingCommandsPipeline.java" name="ScriptingCommandsPipeline.java">
            <metrics coveredelements="0" coveredconditionals="0" complexity="0" loc="19" coveredmethods="0" methods="0" elements="0" classes="1" ncloc="11" statements="0" conditionals="0" coveredstatements="0"/>
            <class name="ScriptingCommandsPipeline">
               <metrics coveredelements="0" coveredconditionals="0" complexity="0" coveredmethods="0" methods="0" elements="0" statements="0" conditionals="0" coveredstatements="0"/>
            </class>
         </file>
         <file path="/Users/George/IdeaProjects/CS441_HW2_Final/src/main/java/redis/clients/jedis/commands/MultiKeyBinaryRedisPipeline.java" name="MultiKeyBinaryRedisPipeline.java">
            <metrics coveredelements="0" coveredconditionals="0" complexity="0" loc="79" coveredmethods="0" methods="0" elements="0" classes="1" ncloc="41" statements="0" conditionals="0" coveredstatements="0"/>
            <class name="MultiKeyBinaryRedisPipeline">
               <metrics coveredelements="0" coveredconditionals="0" complexity="0" coveredmethods="0" methods="0" elements="0" statements="0" conditionals="0" coveredstatements="0"/>
            </class>
         </file>
         <file path="/Users/George/IdeaProjects/CS441_HW2_Final/src/main/java/redis/clients/jedis/commands/BinaryRedisPipeline.java" name="BinaryRedisPipeline.java">
            <metrics coveredelements="0" coveredconditionals="0" complexity="0" loc="271" coveredmethods="0" methods="0" elements="0" classes="1" ncloc="143" statements="0" conditionals="0" coveredstatements="0"/>
            <class name="BinaryRedisPipeline">
               <metrics coveredelements="0" coveredconditionals="0" complexity="0" coveredmethods="0" methods="0" elements="0" statements="0" conditionals="0" coveredstatements="0"/>
            </class>
         </file>
         <file path="/Users/George/IdeaProjects/CS441_HW2_Final/src/main/java/redis/clients/jedis/commands/BinaryScriptingCommands.java" name="BinaryScriptingCommands.java">
            <metrics coveredelements="0" coveredconditionals="0" complexity="0" loc="29" coveredmethods="0" methods="0" elements="0" classes="1" ncloc="15" statements="0" conditionals="0" coveredstatements="0"/>
            <class name="BinaryScriptingCommands">
               <metrics coveredelements="0" coveredconditionals="0" complexity="0" coveredmethods="0" methods="0" elements="0" statements="0" conditionals="0" coveredstatements="0"/>
            </class>
         </file>
         <file path="/Users/George/IdeaProjects/CS441_HW2_Final/src/main/java/redis/clients/jedis/commands/JedisClusterBinaryScriptingCommands.java" name="JedisClusterBinaryScriptingCommands.java">
            <metrics coveredelements="0" coveredconditionals="0" complexity="0" loc="27" coveredmethods="0" methods="0" elements="0" classes="1" ncloc="15" statements="0" conditionals="0" coveredstatements="0"/>
            <class name="JedisClusterBinaryScriptingCommands">
               <metrics coveredelements="0" coveredconditionals="0" complexity="0" coveredmethods="0" methods="0" elements="0" statements="0" conditionals="0" coveredstatements="0"/>
            </class>
         </file>
         <file path="/Users/George/IdeaProjects/CS441_HW2_Final/src/main/java/redis/clients/jedis/commands/RedisPipeline.java" name="RedisPipeline.java">
            <metrics coveredelements="0" coveredconditionals="0" complexity="0" loc="252" coveredmethods="0" methods="0" elements="0" classes="1" ncloc="133" statements="0" conditionals="0" coveredstatements="0"/>
            <class name="RedisPipeline">
               <metrics coveredelements="0" coveredconditionals="0" complexity="0" coveredmethods="0" methods="0" elements="0" statements="0" conditionals="0" coveredstatements="0"/>
            </class>
         </file>
         <file path="/Users/George/IdeaProjects/CS441_HW2_Final/src/main/java/redis/clients/jedis/commands/MultiKeyCommandsPipeline.java" name="MultiKeyCommandsPipeline.java">
            <metrics coveredelements="0" coveredconditionals="0" complexity="0" loc="78" coveredmethods="0" methods="0" elements="0" classes="1" ncloc="41" statements="0" conditionals="0" coveredstatements="0"/>
            <class name="MultiKeyCommandsPipeline">
               <metrics coveredelements="0" coveredconditionals="0" complexity="0" coveredmethods="0" methods="0" elements="0" statements="0" conditionals="0" coveredstatements="0"/>
            </class>
         </file>
         <file path="/Users/George/IdeaProjects/CS441_HW2_Final/src/main/java/redis/clients/jedis/commands/ProtocolCommand.java" name="ProtocolCommand.java">
            <metrics coveredelements="0" coveredconditionals="0" complexity="0" loc="7" coveredmethods="0" methods="0" elements="0" classes="1" ncloc="4" statements="0" conditionals="0" coveredstatements="0"/>
            <class name="ProtocolCommand">
               <metrics coveredelements="0" coveredconditionals="0" complexity="0" coveredmethods="0" methods="0" elements="0" statements="0" conditionals="0" coveredstatements="0"/>
            </class>
         </file>
         <file path="/Users/George/IdeaProjects/CS441_HW2_Final/src/main/java/redis/clients/jedis/commands/JedisClusterCommands.java" name="JedisClusterCommands.java">
            <metrics coveredelements="0" coveredconditionals="0" complexity="0" loc="289" coveredmethods="0" methods="0" elements="0" classes="1" ncloc="145" statements="0" conditionals="0" coveredstatements="0"/>
            <class name="JedisClusterCommands">
               <metrics coveredelements="0" coveredconditionals="0" complexity="0" coveredmethods="0" methods="0" elements="0" statements="0" conditionals="0" coveredstatements="0"/>
            </class>
         </file>
         <file path="/Users/George/IdeaProjects/CS441_HW2_Final/src/main/java/redis/clients/jedis/commands/AdvancedBinaryJedisCommands.java" name="AdvancedBinaryJedisCommands.java">
            <metrics coveredelements="0" coveredconditionals="0" complexity="0" loc="24" coveredmethods="0" methods="0" elements="0" classes="1" ncloc="13" statements="0" conditionals="0" coveredstatements="0"/>
            <class name="AdvancedBinaryJedisCommands">
               <metrics coveredelements="0" coveredconditionals="0" complexity="0" coveredmethods="0" methods="0" elements="0" statements="0" conditionals="0" coveredstatements="0"/>
            </class>
         </file>
         <file path="/Users/George/IdeaProjects/CS441_HW2_Final/src/main/java/redis/clients/jedis/commands/JedisClusterScriptingCommands.java" name="JedisClusterScriptingCommands.java">
            <metrics coveredelements="0" coveredconditionals="0" complexity="0" loc="23" coveredmethods="0" methods="0" elements="0" classes="1" ncloc="13" statements="0" conditionals="0" coveredstatements="0"/>
            <class name="JedisClusterScriptingCommands">
               <metrics coveredelements="0" coveredconditionals="0" complexity="0" coveredmethods="0" methods="0" elements="0" statements="0" conditionals="0" coveredstatements="0"/>
            </class>
         </file>
         <file path="/Users/George/IdeaProjects/CS441_HW2_Final/src/main/java/redis/clients/jedis/commands/BinaryScriptingCommandsPipeline.java" name="BinaryScriptingCommandsPipeline.java">
            <metrics coveredelements="0" coveredconditionals="0" complexity="0" loc="22" coveredmethods="0" methods="0" elements="0" classes="1" ncloc="12" statements="0" conditionals="0" coveredstatements="0"/>
            <class name="BinaryScriptingCommandsPipeline">
               <metrics coveredelements="0" coveredconditionals="0" complexity="0" coveredmethods="0" methods="0" elements="0" statements="0" conditionals="0" coveredstatements="0"/>
            </class>
         </file>
         <file path="/Users/George/IdeaProjects/CS441_HW2_Final/src/main/java/redis/clients/jedis/commands/ClusterPipeline.java" name="ClusterPipeline.java">
            <metrics coveredelements="0" coveredconditionals="0" complexity="0" loc="25" coveredmethods="0" methods="0" elements="0" classes="1" ncloc="14" statements="0" conditionals="0" coveredstatements="0"/>
            <class name="ClusterPipeline">
               <metrics coveredelements="0" coveredconditionals="0" complexity="0" coveredmethods="0" methods="0" elements="0" statements="0" conditionals="0" coveredstatements="0"/>
            </class>
         </file>
         <file path="/Users/George/IdeaProjects/CS441_HW2_Final/src/main/java/redis/clients/jedis/commands/Commands.java" name="Commands.java">
            <metrics coveredelements="0" coveredconditionals="0" complexity="0" loc="323" coveredmethods="0" methods="0" elements="0" classes="1" ncloc="164" statements="0" conditionals="0" coveredstatements="0"/>
            <class name="Commands">
               <metrics coveredelements="0" coveredconditionals="0" complexity="0" coveredmethods="0" methods="0" elements="0" statements="0" conditionals="0" coveredstatements="0"/>
            </class>
         </file>
         <file path="/Users/George/IdeaProjects/CS441_HW2_Final/src/main/java/redis/clients/jedis/commands/SentinelCommands.java" name="SentinelCommands.java">
            <metrics coveredelements="0" coveredconditionals="0" complexity="0" loc="22" coveredmethods="0" methods="0" elements="0" classes="1" ncloc="13" statements="0" conditionals="0" coveredstatements="0"/>
            <class name="SentinelCommands">
               <metrics coveredelements="0" coveredconditionals="0" complexity="0" coveredmethods="0" methods="0" elements="0" statements="0" conditionals="0" coveredstatements="0"/>
            </class>
         </file>
         <file path="/Users/George/IdeaProjects/CS441_HW2_Final/src/main/java/redis/clients/jedis/commands/BasicCommands.java" name="BasicCommands.java">
            <metrics coveredelements="0" coveredconditionals="0" complexity="0" loc="140" coveredmethods="0" methods="0" elements="0" classes="1" ncloc="25" statements="0" conditionals="0" coveredstatements="0"/>
            <class name="BasicCommands">
               <metrics coveredelements="0" coveredconditionals="0" complexity="0" coveredmethods="0" methods="0" elements="0" statements="0" conditionals="0" coveredstatements="0"/>
            </class>
         </file>
         <file path="/Users/George/IdeaProjects/CS441_HW2_Final/src/main/java/redis/clients/jedis/commands/AdvancedJedisCommands.java" name="AdvancedJedisCommands.java">
            <metrics coveredelements="0" coveredconditionals="0" complexity="0" loc="25" coveredmethods="0" methods="0" elements="0" classes="1" ncloc="14" statements="0" conditionals="0" coveredstatements="0"/>
            <class name="AdvancedJedisCommands">
               <metrics coveredelements="0" coveredconditionals="0" complexity="0" coveredmethods="0" methods="0" elements="0" statements="0" conditionals="0" coveredstatements="0"/>
            </class>
         </file>
         <file path="/Users/George/IdeaProjects/CS441_HW2_Final/src/main/java/redis/clients/jedis/commands/JedisCommands.java" name="JedisCommands.java">
            <metrics coveredelements="0" coveredconditionals="0" complexity="0" loc="311" coveredmethods="0" methods="0" elements="0" classes="1" ncloc="155" statements="0" conditionals="0" coveredstatements="0"/>
            <class name="JedisCommands">
               <metrics coveredelements="0" coveredconditionals="0" complexity="0" coveredmethods="0" methods="0" elements="0" statements="0" conditionals="0" coveredstatements="0"/>
            </class>
         </file>
         <file path="/Users/George/IdeaProjects/CS441_HW2_Final/src/main/java/redis/clients/jedis/commands/MultiKeyCommands.java" name="MultiKeyCommands.java">
            <metrics coveredelements="0" coveredconditionals="0" complexity="0" loc="158" coveredmethods="0" methods="0" elements="0" classes="1" ncloc="45" statements="0" conditionals="0" coveredstatements="0"/>
            <class name="MultiKeyCommands">
               <metrics coveredelements="0" coveredconditionals="0" complexity="0" coveredmethods="0" methods="0" elements="0" statements="0" conditionals="0" coveredstatements="0"/>
            </class>
         </file>
         <file path="/Users/George/IdeaProjects/CS441_HW2_Final/src/main/java/redis/clients/jedis/commands/BasicRedisPipeline.java" name="BasicRedisPipeline.java">
            <metrics coveredelements="0" coveredconditionals="0" complexity="0" loc="51" coveredmethods="0" methods="0" elements="0" classes="1" ncloc="25" statements="0" conditionals="0" coveredstatements="0"/>
            <class name="BasicRedisPipeline">
               <metrics coveredelements="0" coveredconditionals="0" complexity="0" coveredmethods="0" methods="0" elements="0" statements="0" conditionals="0" coveredstatements="0"/>
            </class>
         </file>
         <file path="/Users/George/IdeaProjects/CS441_HW2_Final/src/main/java/redis/clients/jedis/commands/MultiKeyJedisClusterCommands.java" name="MultiKeyJedisClusterCommands.java">
            <metrics coveredelements="0" coveredconditionals="0" complexity="0" loc="77" coveredmethods="0" methods="0" elements="0" classes="1" ncloc="43" statements="0" conditionals="0" coveredstatements="0"/>
            <class name="MultiKeyJedisClusterCommands">
               <metrics coveredelements="0" coveredconditionals="0" complexity="0" coveredmethods="0" methods="0" elements="0" statements="0" conditionals="0" coveredstatements="0"/>
            </class>
         </file>
         <file path="/Users/George/IdeaProjects/CS441_HW2_Final/src/main/java/redis/clients/jedis/commands/ModuleCommands.java" name="ModuleCommands.java">
            <metrics coveredelements="0" coveredconditionals="0" complexity="0" loc="11" coveredmethods="0" methods="0" elements="0" classes="1" ncloc="8" statements="0" conditionals="0" coveredstatements="0"/>
            <class name="ModuleCommands">
               <metrics coveredelements="0" coveredconditionals="0" complexity="0" coveredmethods="0" methods="0" elements="0" statements="0" conditionals="0" coveredstatements="0"/>
            </class>
         </file>
         <file path="/Users/George/IdeaProjects/CS441_HW2_Final/src/main/java/redis/clients/jedis/commands/MultiKeyBinaryJedisClusterCommands.java" name="MultiKeyBinaryJedisClusterCommands.java">
            <metrics coveredelements="0" coveredconditionals="0" complexity="0" loc="73" coveredmethods="0" methods="0" elements="0" classes="1" ncloc="40" statements="0" conditionals="0" coveredstatements="0"/>
            <class name="MultiKeyBinaryJedisClusterCommands">
               <metrics coveredelements="0" coveredconditionals="0" complexity="0" coveredmethods="0" methods="0" elements="0" statements="0" conditionals="0" coveredstatements="0"/>
            </class>
         </file>
         <file path="/Users/George/IdeaProjects/CS441_HW2_Final/src/main/java/redis/clients/jedis/commands/MultiKeyBinaryCommands.java" name="MultiKeyBinaryCommands.java">
            <metrics coveredelements="0" coveredconditionals="0" complexity="0" loc="85" coveredmethods="0" methods="0" elements="0" classes="1" ncloc="46" statements="0" conditionals="0" coveredstatements="0"/>
            <class name="MultiKeyBinaryCommands">
               <metrics coveredelements="0" coveredconditionals="0" complexity="0" coveredmethods="0" methods="0" elements="0" statements="0" conditionals="0" coveredstatements="0"/>
            </class>
         </file>
         <file path="/Users/George/IdeaProjects/CS441_HW2_Final/src/main/java/redis/clients/jedis/commands/ScriptingCommands.java" name="ScriptingCommands.java">
            <metrics coveredelements="0" coveredconditionals="0" complexity="0" loc="23" coveredmethods="0" methods="0" elements="0" classes="1" ncloc="13" statements="0" conditionals="0" coveredstatements="0"/>
            <class name="ScriptingCommands">
               <metrics coveredelements="0" coveredconditionals="0" complexity="0" coveredmethods="0" methods="0" elements="0" statements="0" conditionals="0" coveredstatements="0"/>
            </class>
         </file>
      </package>
      <package name="redis.clients.jedis.exceptions">
         <metrics coveredelements="12" complexity="44" loc="263" methods="44" classes="14" statements="50" coveredconditionals="0" coveredmethods="6" elements="94" ncloc="191" files="14" conditionals="0" coveredstatements="6"/>
         <file path="/Users/George/IdeaProjects/CS441_HW2_Final/src/main/java/redis/clients/jedis/exceptions/JedisRedirectionException.java" name="JedisRedirectionException.java">
            <metrics coveredelements="0" coveredconditionals="0" complexity="5" loc="36" coveredmethods="0" methods="5" elements="16" classes="1" ncloc="28" statements="11" conditionals="0" coveredstatements="0"/>
            <class name="JedisRedirectionException">
               <metrics coveredelements="0" coveredconditionals="0" complexity="5" coveredmethods="0" methods="5" elements="16" statements="11" conditionals="0" coveredstatements="0"/>
            </class>
            <line complexity="1" visibility="public" signature="JedisRedirectionException(String,HostAndPort,int)" num="11" count="0" type="method"/>
            <line num="12" count="0" type="stmt"/>
            <line num="13" count="0" type="stmt"/>
            <line num="14" count="0" type="stmt"/>
            <line complexity="1" visibility="public" signature="JedisRedirectionException(Throwable,HostAndPort,int)" num="17" count="0" type="method"/>
            <line num="18" count="0" type="stmt"/>
            <line num="19" count="0" type="stmt"/>
            <line num="20" count="0" type="stmt"/>
            <line complexity="1" visibility="public" signature="JedisRedirectionException(String,Throwable,HostAndPort,int)" num="23" count="0" type="method"/>
            <line num="24" count="0" type="stmt"/>
            <line num="25" count="0" type="stmt"/>
            <line num="26" count="0" type="stmt"/>
            <line complexity="1" visibility="public" signature="getTargetNode() : HostAndPort" num="29" count="0" type="method"/>
            <line num="30" count="0" type="stmt"/>
            <line complexity="1" visibility="public" signature="getSlot() : int" num="33" count="0" type="method"/>
            <line num="34" count="0" type="stmt"/>
         </file>
         <file path="/Users/George/IdeaProjects/CS441_HW2_Final/src/main/java/redis/clients/jedis/exceptions/JedisConnectionException.java" name="JedisConnectionException.java">
            <metrics coveredelements="4" coveredconditionals="0" complexity="3" loc="17" coveredmethods="2" methods="3" elements="6" classes="1" ncloc="13" statements="3" conditionals="0" coveredstatements="2"/>
            <class name="JedisConnectionException">
               <metrics coveredelements="4" coveredconditionals="0" complexity="3" coveredmethods="2" methods="3" elements="6" statements="3" conditionals="0" coveredstatements="2"/>
            </class>
            <line complexity="1" visibility="public" signature="JedisConnectionException(String)" num="6" count="2" type="method"/>
            <line num="7" count="2" type="stmt"/>
            <line complexity="1" visibility="public" signature="JedisConnectionException(Throwable)" num="10" count="0" type="method"/>
            <line num="11" count="0" type="stmt"/>
            <line complexity="1" visibility="public" signature="JedisConnectionException(String,Throwable)" num="14" count="8" type="method"/>
            <line num="15" count="8" type="stmt"/>
         </file>
         <file path="/Users/George/IdeaProjects/CS441_HW2_Final/src/main/java/redis/clients/jedis/exceptions/JedisBusyException.java" name="JedisBusyException.java">
            <metrics coveredelements="2" coveredconditionals="0" complexity="3" loc="19" coveredmethods="1" methods="3" elements="6" classes="1" ncloc="13" statements="3" conditionals="0" coveredstatements="1"/>
            <class name="JedisBusyException">
               <metrics coveredelements="2" coveredconditionals="0" complexity="3" coveredmethods="1" methods="3" elements="6" statements="3" conditionals="0" coveredstatements="1"/>
            </class>
            <line complexity="1" visibility="public" signature="JedisBusyException(String)" num="7" count="1" type="method"/>
            <line num="8" count="1" type="stmt"/>
            <line complexity="1" visibility="public" signature="JedisBusyException(Throwable)" num="11" count="0" type="method"/>
            <line num="12" count="0" type="stmt"/>
            <line complexity="1" visibility="public" signature="JedisBusyException(String,Throwable)" num="15" count="0" type="method"/>
            <line num="16" count="0" type="stmt"/>
         </file>
         <file path="/Users/George/IdeaProjects/CS441_HW2_Final/src/main/java/redis/clients/jedis/exceptions/JedisClusterException.java" name="JedisClusterException.java">
            <metrics coveredelements="0" coveredconditionals="0" complexity="3" loc="17" coveredmethods="0" methods="3" elements="6" classes="1" ncloc="13" statements="3" conditionals="0" coveredstatements="0"/>
            <class name="JedisClusterException">
               <metrics coveredelements="0" coveredconditionals="0" complexity="3" coveredmethods="0" methods="3" elements="6" statements="3" conditionals="0" coveredstatements="0"/>
            </class>
            <line complexity="1" visibility="public" signature="JedisClusterException(Throwable)" num="6" count="0" type="method"/>
            <line num="7" count="0" type="stmt"/>
            <line complexity="1" visibility="public" signature="JedisClusterException(String,Throwable)" num="10" count="0" type="method"/>
            <line num="11" count="0" type="stmt"/>
            <line complexity="1" visibility="public" signature="JedisClusterException(String)" num="14" count="0" type="method"/>
            <line num="15" count="0" type="stmt"/>
         </file>
         <file path="/Users/George/IdeaProjects/CS441_HW2_Final/src/main/java/redis/clients/jedis/exceptions/JedisMovedDataException.java" name="JedisMovedDataException.java">
            <metrics coveredelements="0" coveredconditionals="0" complexity="3" loc="19" coveredmethods="0" methods="3" elements="6" classes="1" ncloc="14" statements="3" conditionals="0" coveredstatements="0"/>
            <class name="JedisMovedDataException">
               <metrics coveredelements="0" coveredconditionals="0" complexity="3" coveredmethods="0" methods="3" elements="6" statements="3" conditionals="0" coveredstatements="0"/>
            </class>
            <line complexity="1" visibility="public" signature="JedisMovedDataException(String,HostAndPort,int)" num="8" count="0" type="method"/>
            <line num="9" count="0" type="stmt"/>
            <line complexity="1" visibility="public" signature="JedisMovedDataException(Throwable,HostAndPort,int)" num="12" count="0" type="method"/>
            <line num="13" count="0" type="stmt"/>
            <line complexity="1" visibility="public" signature="JedisMovedDataException(String,Throwable,HostAndPort,int)" num="16" count="0" type="method"/>
            <line num="17" count="0" type="stmt"/>
         </file>
         <file path="/Users/George/IdeaProjects/CS441_HW2_Final/src/main/java/redis/clients/jedis/exceptions/JedisNoReachableClusterNodeException.java" name="JedisNoReachableClusterNodeException.java">
            <metrics coveredelements="0" coveredconditionals="0" complexity="3" loc="17" coveredmethods="0" methods="3" elements="6" classes="1" ncloc="13" statements="3" conditionals="0" coveredstatements="0"/>
            <class name="JedisNoReachableClusterNodeException">
               <metrics coveredelements="0" coveredconditionals="0" complexity="3" coveredmethods="0" methods="3" elements="6" statements="3" conditionals="0" coveredstatements="0"/>
            </class>
            <line complexity="1" visibility="public" signature="JedisNoReachableClusterNodeException(String)" num="6" count="0" type="method"/>
            <line num="7" count="0" type="stmt"/>
            <line complexity="1" visibility="public" signature="JedisNoReachableClusterNodeException(Throwable)" num="10" count="0" type="method"/>
            <line num="11" count="0" type="stmt"/>
            <line complexity="1" visibility="public" signature="JedisNoReachableClusterNodeException(String,Throwable)" num="14" count="0" type="method"/>
            <line num="15" count="0" type="stmt"/>
         </file>
         <file path="/Users/George/IdeaProjects/CS441_HW2_Final/src/main/java/redis/clients/jedis/exceptions/JedisExhaustedPoolException.java" name="JedisExhaustedPoolException.java">
            <metrics coveredelements="0" coveredconditionals="0" complexity="3" loc="20" coveredmethods="0" methods="3" elements="6" classes="1" ncloc="12" statements="3" conditionals="0" coveredstatements="0"/>
            <class name="JedisExhaustedPoolException">
               <metrics coveredelements="0" coveredconditionals="0" complexity="3" coveredmethods="0" methods="3" elements="6" statements="3" conditionals="0" coveredstatements="0"/>
            </class>
            <line complexity="1" visibility="public" signature="JedisExhaustedPoolException(String)" num="9" count="0" type="method"/>
            <line num="10" count="0" type="stmt"/>
            <line complexity="1" visibility="public" signature="JedisExhaustedPoolException(Throwable)" num="13" count="0" type="method"/>
            <line num="14" count="0" type="stmt"/>
            <line complexity="1" visibility="public" signature="JedisExhaustedPoolException(String,Throwable)" num="17" count="0" type="method"/>
            <line num="18" count="0" type="stmt"/>
         </file>
         <file path="/Users/George/IdeaProjects/CS441_HW2_Final/src/main/java/redis/clients/jedis/exceptions/JedisException.java" name="JedisException.java">
            <metrics coveredelements="4" coveredconditionals="0" complexity="3" loc="17" coveredmethods="2" methods="3" elements="6" classes="1" ncloc="13" statements="3" conditionals="0" coveredstatements="2"/>
            <class name="JedisException">
               <metrics coveredelements="4" coveredconditionals="0" complexity="3" coveredmethods="2" methods="3" elements="6" statements="3" conditionals="0" coveredstatements="2"/>
            </class>
            <line complexity="1" visibility="public" signature="JedisException(String)" num="6" count="3" type="method"/>
            <line num="7" count="3" type="stmt"/>
            <line complexity="1" visibility="public" signature="JedisException(Throwable)" num="10" count="0" type="method"/>
            <line num="11" count="0" type="stmt"/>
            <line complexity="1" visibility="public" signature="JedisException(String,Throwable)" num="14" count="8" type="method"/>
            <line num="15" count="8" type="stmt"/>
         </file>
         <file path="/Users/George/IdeaProjects/CS441_HW2_Final/src/main/java/redis/clients/jedis/exceptions/JedisAskDataException.java" name="JedisAskDataException.java">
            <metrics coveredelements="0" coveredconditionals="0" complexity="3" loc="20" coveredmethods="0" methods="3" elements="6" classes="1" ncloc="14" statements="3" conditionals="0" coveredstatements="0"/>
            <class name="JedisAskDataException">
               <metrics coveredelements="0" coveredconditionals="0" complexity="3" coveredmethods="0" methods="3" elements="6" statements="3" conditionals="0" coveredstatements="0"/>
            </class>
            <line complexity="1" visibility="public" signature="JedisAskDataException(Throwable,HostAndPort,int)" num="8" count="0" type="method"/>
            <line num="9" count="0" type="stmt"/>
            <line complexity="1" visibility="public" signature="JedisAskDataException(String,Throwable,HostAndPort,int)" num="12" count="0" type="method"/>
            <line num="13" count="0" type="stmt"/>
            <line complexity="1" visibility="public" signature="JedisAskDataException(String,HostAndPort,int)" num="16" count="0" type="method"/>
            <line num="17" count="0" type="stmt"/>
         </file>
         <file path="/Users/George/IdeaProjects/CS441_HW2_Final/src/main/java/redis/clients/jedis/exceptions/JedisNoScriptException.java" name="JedisNoScriptException.java">
            <metrics coveredelements="0" coveredconditionals="0" complexity="3" loc="11" coveredmethods="0" methods="3" elements="6" classes="1" ncloc="7" statements="3" conditionals="0" coveredstatements="0"/>
            <class name="JedisNoScriptException">
               <metrics coveredelements="0" coveredconditionals="0" complexity="3" coveredmethods="0" methods="3" elements="6" statements="3" conditionals="0" coveredstatements="0"/>
            </class>
            <line complexity="1" visibility="public" signature="JedisNoScriptException(String)" num="6" count="0" type="method"/>
            <line num="6" count="0" type="stmt"/>
            <line complexity="1" visibility="public" signature="JedisNoScriptException(Throwable)" num="8" count="0" type="method"/>
            <line num="8" count="0" type="stmt"/>
            <line complexity="1" visibility="public" signature="JedisNoScriptException(String,Throwable)" num="10" count="0" type="method"/>
            <line num="10" count="0" type="stmt"/>
         </file>
         <file path="/Users/George/IdeaProjects/CS441_HW2_Final/src/main/java/redis/clients/jedis/exceptions/InvalidURIException.java" name="InvalidURIException.java">
            <metrics coveredelements="0" coveredconditionals="0" complexity="3" loc="19" coveredmethods="0" methods="3" elements="6" classes="1" ncloc="13" statements="3" conditionals="0" coveredstatements="0"/>
            <class name="InvalidURIException">
               <metrics coveredelements="0" coveredconditionals="0" complexity="3" coveredmethods="0" methods="3" elements="6" statements="3" conditionals="0" coveredstatements="0"/>
            </class>
            <line complexity="1" visibility="public" signature="InvalidURIException(String)" num="7" count="0" type="method"/>
            <line num="8" count="0" type="stmt"/>
            <line complexity="1" visibility="public" signature="InvalidURIException(Throwable)" num="11" count="0" type="method"/>
            <line num="12" count="0" type="stmt"/>
            <line complexity="1" visibility="public" signature="InvalidURIException(String,Throwable)" num="15" count="0" type="method"/>
            <line num="16" count="0" type="stmt"/>
         </file>
         <file path="/Users/George/IdeaProjects/CS441_HW2_Final/src/main/java/redis/clients/jedis/exceptions/JedisClusterMaxRedirectionsException.java" name="JedisClusterMaxRedirectionsException.java">
            <metrics coveredelements="0" coveredconditionals="0" complexity="3" loc="17" coveredmethods="0" methods="3" elements="6" classes="1" ncloc="13" statements="3" conditionals="0" coveredstatements="0"/>
            <class name="JedisClusterMaxRedirectionsException">
               <metrics coveredelements="0" coveredconditionals="0" complexity="3" coveredmethods="0" methods="3" elements="6" statements="3" conditionals="0" coveredstatements="0"/>
            </class>
            <line complexity="1" visibility="public" signature="JedisClusterMaxRedirectionsException(Throwable)" num="6" count="0" type="method"/>
            <line num="7" count="0" type="stmt"/>
            <line complexity="1" visibility="public" signature="JedisClusterMaxRedirectionsException(String,Throwable)" num="10" count="0" type="method"/>
            <line num="11" count="0" type="stmt"/>
            <line complexity="1" visibility="public" signature="JedisClusterMaxRedirectionsException(String)" num="14" count="0" type="method"/>
            <line num="15" count="0" type="stmt"/>
         </file>
         <file path="/Users/George/IdeaProjects/CS441_HW2_Final/src/main/java/redis/clients/jedis/exceptions/JedisClusterCrossSlotException.java" name="JedisClusterCrossSlotException.java">
            <metrics coveredelements="0" coveredconditionals="0" complexity="3" loc="17" coveredmethods="0" methods="3" elements="6" classes="1" ncloc="12" statements="3" conditionals="0" coveredstatements="0"/>
            <class name="JedisClusterCrossSlotException">
               <metrics coveredelements="0" coveredconditionals="0" complexity="3" coveredmethods="0" methods="3" elements="6" statements="3" conditionals="0" coveredstatements="0"/>
            </class>
            <line complexity="1" visibility="public" signature="JedisClusterCrossSlotException(Throwable)" num="6" count="0" type="method"/>
            <line num="7" count="0" type="stmt"/>
            <line complexity="1" visibility="public" signature="JedisClusterCrossSlotException(String,Throwable)" num="10" count="0" type="method"/>
            <line num="11" count="0" type="stmt"/>
            <line complexity="1" visibility="public" signature="JedisClusterCrossSlotException(String)" num="14" count="0" type="method"/>
            <line num="15" count="0" type="stmt"/>
         </file>
         <file path="/Users/George/IdeaProjects/CS441_HW2_Final/src/main/java/redis/clients/jedis/exceptions/JedisDataException.java" name="JedisDataException.java">
            <metrics coveredelements="2" coveredconditionals="0" complexity="3" loc="17" coveredmethods="1" methods="3" elements="6" classes="1" ncloc="13" statements="3" conditionals="0" coveredstatements="1"/>
            <class name="JedisDataException">
               <metrics coveredelements="2" coveredconditionals="0" complexity="3" coveredmethods="1" methods="3" elements="6" statements="3" conditionals="0" coveredstatements="1"/>
            </class>
            <line complexity="1" visibility="public" signature="JedisDataException(String)" num="6" count="1" type="method"/>
            <line num="7" count="1" type="stmt"/>
            <line complexity="1" visibility="public" signature="JedisDataException(Throwable)" num="10" count="0" type="method"/>
            <line num="11" count="0" type="stmt"/>
            <line complexity="1" visibility="public" signature="JedisDataException(String,Throwable)" num="14" count="0" type="method"/>
            <line num="15" count="0" type="stmt"/>
         </file>
      </package>
      <package name="redis.clients.jedis.params.geo">
         <metrics coveredelements="0" complexity="14" loc="80" methods="8" classes="1" statements="27" coveredconditionals="0" coveredmethods="0" elements="47" ncloc="61" files="1" conditionals="12" coveredstatements="0"/>
         <file path="/Users/George/IdeaProjects/CS441_HW2_Final/src/main/java/redis/clients/jedis/params/geo/GeoRadiusParam.java" name="GeoRadiusParam.java">
            <metrics coveredelements="0" coveredconditionals="0" complexity="14" loc="80" coveredmethods="0" methods="8" elements="47" classes="1" ncloc="61" statements="27" conditionals="12" coveredstatements="0"/>
            <class name="GeoRadiusParam">
               <metrics coveredelements="0" coveredconditionals="0" complexity="14" coveredmethods="0" methods="8" elements="47" statements="27" conditionals="12" coveredstatements="0"/>
            </class>
            <line complexity="1" visibility="private" signature="GeoRadiusParam()" num="20" count="0" type="method"/>
            <line complexity="1" visibility="public" signature="geoRadiusParam() : GeoRadiusParam" num="23" count="0" type="method"/>
            <line num="24" count="0" type="stmt"/>
            <line complexity="1" visibility="public" signature="withCoord() : GeoRadiusParam" num="27" count="0" type="method"/>
            <line num="28" count="0" type="stmt"/>
            <line num="29" count="0" type="stmt"/>
            <line complexity="1" visibility="public" signature="withDist() : GeoRadiusParam" num="32" count="0" type="method"/>
            <line num="33" count="0" type="stmt"/>
            <line num="34" count="0" type="stmt"/>
            <line complexity="1" visibility="public" signature="sortAscending() : GeoRadiusParam" num="37" count="0" type="method"/>
            <line num="38" count="0" type="stmt"/>
            <line num="39" count="0" type="stmt"/>
            <line complexity="1" visibility="public" signature="sortDescending() : GeoRadiusParam" num="42" count="0" type="method"/>
            <line num="43" count="0" type="stmt"/>
            <line num="44" count="0" type="stmt"/>
            <line complexity="2" visibility="public" signature="count(int) : GeoRadiusParam" num="47" count="0" type="method"/>
            <line num="48" count="0" type="stmt"/>
            <line falsecount="0" truecount="0" num="48" type="cond"/>
            <line num="49" count="0" type="stmt"/>
            <line num="51" count="0" type="stmt"/>
            <line complexity="6" visibility="public" signature="getByteParams(byte[]) : byte[][]" num="54" count="0" type="method"/>
            <line num="55" count="0" type="stmt"/>
            <line num="56" count="0" type="stmt"/>
            <line num="57" count="0" type="stmt"/>
            <line num="60" count="0" type="stmt"/>
            <line falsecount="0" truecount="0" num="60" type="cond"/>
            <line num="61" count="0" type="stmt"/>
            <line num="63" count="0" type="stmt"/>
            <line falsecount="0" truecount="0" num="63" type="cond"/>
            <line num="64" count="0" type="stmt"/>
            <line num="67" count="0" type="stmt"/>
            <line falsecount="0" truecount="0" num="67" type="cond"/>
            <line num="68" count="0" type="stmt"/>
            <line num="69" count="0" type="stmt"/>
            <line num="72" count="0" type="stmt"/>
            <line falsecount="0" truecount="0" num="72" type="cond"/>
            <line num="73" count="0" type="stmt"/>
            <line num="74" count="0" type="stmt"/>
            <line falsecount="0" truecount="0" num="74" type="cond"/>
            <line num="75" count="0" type="stmt"/>
            <line num="78" count="0" type="stmt"/>
         </file>
      </package>
      <package name="redis.clients.util">
         <metrics coveredelements="309" complexity="229" loc="1387" methods="117" classes="17" statements="468" coveredconditionals="62" coveredmethods="49" elements="771" ncloc="1004" files="15" conditionals="186" coveredstatements="198"/>
         <file path="/Users/George/IdeaProjects/CS441_HW2_Final/src/main/java/redis/clients/util/Slowlog.java" name="Slowlog.java">
            <metrics coveredelements="0" coveredconditionals="0" complexity="7" loc="60" coveredmethods="0" methods="7" elements="25" classes="1" ncloc="48" statements="18" conditionals="0" coveredstatements="0"/>
            <class name="Slowlog">
               <metrics coveredelements="0" coveredconditionals="0" complexity="7" coveredmethods="0" methods="7" elements="25" statements="18" conditionals="0" coveredstatements="0"/>
            </class>
            <line complexity="1" visibility="private" signature="Slowlog(List&lt;Object&gt;)" num="13" count="0" type="method"/>
            <line num="15" count="0" type="stmt"/>
            <line num="16" count="0" type="stmt"/>
            <line num="17" count="0" type="stmt"/>
            <line num="18" count="0" type="stmt"/>
            <line num="20" count="0" type="stmt"/>
            <line num="21" count="0" type="stmt"/>
            <line num="23" count="0" type="stmt"/>
            <line num="24" count="0" type="stmt"/>
            <line complexity="1" visibility="public" signature="from(List&lt;Object&gt;) : List&lt;Slowlog&gt;" num="28" count="0" type="method"/>
            <line num="30" count="0" type="stmt"/>
            <line num="31" count="0" type="stmt"/>
            <line num="32" count="0" type="stmt"/>
            <line num="33" count="0" type="stmt"/>
            <line num="36" count="0" type="stmt"/>
            <line complexity="1" visibility="public" signature="getId() : long" num="39" count="0" type="method"/>
            <line num="40" count="0" type="stmt"/>
            <line complexity="1" visibility="public" signature="getTimeStamp() : long" num="43" count="0" type="method"/>
            <line num="44" count="0" type="stmt"/>
            <line complexity="1" visibility="public" signature="getExecutionTime() : long" num="47" count="0" type="method"/>
            <line num="48" count="0" type="stmt"/>
            <line complexity="1" visibility="public" signature="getArgs() : List&lt;String&gt;" num="51" count="0" type="method"/>
            <line num="52" count="0" type="stmt"/>
            <line complexity="1" visibility="public" signature="toString() : String" num="55" count="0" type="method"/>
            <line num="57" count="0" type="stmt"/>
         </file>
         <file path="/Users/George/IdeaProjects/CS441_HW2_Final/src/main/java/redis/clients/util/JedisByteHashMap.java" name="JedisByteHashMap.java">
            <metrics coveredelements="0" coveredconditionals="0" complexity="27" loc="147" coveredmethods="0" methods="19" elements="78" classes="3" ncloc="122" statements="43" conditionals="16" coveredstatements="0"/>
            <class name="JedisByteHashMap">
               <metrics coveredelements="0" coveredconditionals="0" complexity="18" coveredmethods="0" methods="12" elements="54" statements="30" conditionals="12" coveredstatements="0"/>
            </class>
            <class name="JedisByteHashMap.ByteArrayWrapper">
               <metrics coveredelements="0" coveredconditionals="0" complexity="5" coveredmethods="0" methods="3" elements="14" statements="7" conditionals="4" coveredstatements="0"/>
            </class>
            <class name="JedisByteHashMap.JedisByteEntry">
               <metrics coveredelements="0" coveredconditionals="0" complexity="4" coveredmethods="0" methods="4" elements="10" statements="6" conditionals="0" coveredstatements="0"/>
            </class>
            <line complexity="1" visibility="public" signature="clear() : void" num="16" count="0" type="method"/>
            <line num="18" count="0" type="stmt"/>
            <line complexity="2" visibility="public" signature="containsKey(Object) : boolean" num="21" count="0" type="method"/>
            <line num="23" count="0" type="stmt"/>
            <line num="23" count="0" type="stmt"/>
            <line falsecount="0" truecount="0" num="23" type="cond"/>
            <line num="24" count="0" type="stmt"/>
            <line complexity="1" visibility="public" signature="containsValue(Object) : boolean" num="27" count="0" type="method"/>
            <line num="29" count="0" type="stmt"/>
            <line complexity="2" visibility="public" signature="entrySet() : Set&lt;java.util.Map.Entry&lt;byte[], byte[]&gt;&gt;" num="32" count="0" type="method"/>
            <line num="34" count="0" type="stmt"/>
            <line num="36" count="0" type="stmt"/>
            <line num="37" count="0" type="stmt"/>
            <line falsecount="0" truecount="0" num="37" type="cond"/>
            <line num="38" count="0" type="stmt"/>
            <line num="39" count="0" type="stmt"/>
            <line num="41" count="0" type="stmt"/>
            <line complexity="2" visibility="public" signature="get(Object) : byte[]" num="44" count="0" type="method"/>
            <line num="46" count="0" type="stmt"/>
            <line num="46" count="0" type="stmt"/>
            <line falsecount="0" truecount="0" num="46" type="cond"/>
            <line num="47" count="0" type="stmt"/>
            <line complexity="1" visibility="public" signature="isEmpty() : boolean" num="50" count="0" type="method"/>
            <line num="52" count="0" type="stmt"/>
            <line complexity="2" visibility="public" signature="keySet() : Set&lt;byte[]&gt;" num="55" count="0" type="method"/>
            <line num="57" count="0" type="stmt"/>
            <line num="58" count="0" type="stmt"/>
            <line num="59" count="0" type="stmt"/>
            <line falsecount="0" truecount="0" num="59" type="cond"/>
            <line num="60" count="0" type="stmt"/>
            <line num="62" count="0" type="stmt"/>
            <line complexity="1" visibility="public" signature="put(byte[],byte[]) : byte[]" num="65" count="0" type="method"/>
            <line num="67" count="0" type="stmt"/>
            <line complexity="2" visibility="public" signature="putAll(Map&lt;? extends byte[], ? extends byte[]&gt;) : void" num="70" count="0" type="method"/>
            <line num="73" count="0" type="stmt"/>
            <line num="74" count="0" type="stmt"/>
            <line falsecount="0" truecount="0" num="74" type="cond"/>
            <line num="75" count="0" type="stmt"/>
            <line num="77" count="0" type="stmt"/>
            <line complexity="2" visibility="public" signature="remove(Object) : byte[]" num="81" count="0" type="method"/>
            <line num="83" count="0" type="stmt"/>
            <line num="83" count="0" type="stmt"/>
            <line falsecount="0" truecount="0" num="83" type="cond"/>
            <line num="84" count="0" type="stmt"/>
            <line complexity="1" visibility="public" signature="size() : int" num="87" count="0" type="method"/>
            <line num="89" count="0" type="stmt"/>
            <line complexity="1" visibility="public" signature="values() : Collection&lt;byte[]&gt;" num="92" count="0" type="method"/>
            <line num="94" count="0" type="stmt"/>
            <line complexity="2" visibility="public" signature="ByteArrayWrapper(byte[])" num="100" count="0" type="method"/>
            <line num="101" count="0" type="stmt"/>
            <line falsecount="0" truecount="0" num="101" type="cond"/>
            <line num="102" count="0" type="stmt"/>
            <line num="104" count="0" type="stmt"/>
            <line complexity="2" visibility="public" signature="equals(Object) : boolean" num="107" count="0" type="method"/>
            <line num="109" count="0" type="stmt"/>
            <line falsecount="0" truecount="0" num="109" type="cond"/>
            <line num="110" count="0" type="stmt"/>
            <line num="112" count="0" type="stmt"/>
            <line complexity="1" visibility="public" signature="hashCode() : int" num="115" count="0" type="method"/>
            <line num="117" count="0" type="stmt"/>
            <line complexity="1" visibility="public" signature="JedisByteEntry(byte[],byte[])" num="125" count="0" type="method"/>
            <line num="126" count="0" type="stmt"/>
            <line num="127" count="0" type="stmt"/>
            <line complexity="1" visibility="public" signature="getKey() : byte[]" num="130" count="0" type="method"/>
            <line num="132" count="0" type="stmt"/>
            <line complexity="1" visibility="public" signature="getValue() : byte[]" num="135" count="0" type="method"/>
            <line num="137" count="0" type="stmt"/>
            <line complexity="1" visibility="public" signature="setValue(byte[]) : byte[]" num="140" count="0" type="method"/>
            <line num="142" count="0" type="stmt"/>
            <line num="143" count="0" type="stmt"/>
         </file>
         <file path="/Users/George/IdeaProjects/CS441_HW2_Final/src/main/java/redis/clients/util/JedisClusterCRC16.java" name="JedisClusterCRC16.java">
            <metrics coveredelements="15" coveredconditionals="2" complexity="15" loc="89" coveredmethods="4" methods="6" elements="39" classes="1" ncloc="67" statements="23" conditionals="10" coveredstatements="9"/>
            <class name="JedisClusterCRC16">
               <metrics coveredelements="15" coveredconditionals="2" complexity="15" coveredmethods="4" methods="6" elements="39" statements="23" conditionals="10" coveredstatements="9"/>
            </class>
            <line complexity="1" visibility="private" signature="JedisClusterCRC16()" num="34" count="0" type="method"/>
            <line num="35" count="0" type="stmt"/>
            <line complexity="1" visibility="public" signature="getSlot(String) : int" num="38" count="1" type="method"/>
            <line num="39" count="1" type="stmt"/>
            <line num="42" count="1" type="stmt"/>
            <line complexity="9" visibility="public" signature="getSlot(byte[]) : int" num="45" count="0" type="method"/>
            <line num="46" count="0" type="stmt"/>
            <line num="47" count="0" type="stmt"/>
            <line num="48" count="0" type="stmt"/>
            <line num="49" count="0" type="stmt"/>
            <line falsecount="0" truecount="0" num="49" type="cond"/>
            <line num="50" count="0" type="stmt"/>
            <line falsecount="0" truecount="0" num="50" type="cond"/>
            <line num="51" count="0" type="stmt"/>
            <line num="52" count="0" type="stmt"/>
            <line num="54" count="0" type="stmt"/>
            <line falsecount="0" truecount="0" num="54" type="cond"/>
            <line num="55" count="0" type="stmt"/>
            <line num="56" count="0" type="stmt"/>
            <line num="59" count="0" type="stmt"/>
            <line falsecount="0" truecount="0" num="59" type="cond"/>
            <line num="60" count="0" type="stmt"/>
            <line num="62" count="0" type="stmt"/>
            <line complexity="2" visibility="public" signature="getCRC16(byte[],int,int) : int" num="72" count="13" type="method"/>
            <line num="73" count="13" type="stmt"/>
            <line num="75" count="13" type="stmt"/>
            <line falsecount="13" truecount="176" num="75" type="cond"/>
            <line num="76" count="176" type="stmt"/>
            <line num="78" count="13" type="stmt"/>
            <line complexity="1" visibility="public" signature="getCRC16(byte[]) : int" num="81" count="6" type="method"/>
            <line num="82" count="6" type="stmt"/>
            <line complexity="1" visibility="public" signature="getCRC16(String) : int" num="85" count="7" type="method"/>
            <line num="86" count="7" type="stmt"/>
            <line num="87" count="7" type="stmt"/>
         </file>
         <file path="/Users/George/IdeaProjects/CS441_HW2_Final/src/main/java/redis/clients/util/Hashing.java" name="Hashing.java">
            <metrics coveredelements="14" coveredconditionals="2" complexity="4" loc="39" coveredmethods="2" methods="2" elements="15" classes="1" ncloc="31" statements="11" conditionals="2" coveredstatements="10"/>
            <class name="Hashing">
               <metrics coveredelements="14" coveredconditionals="2" complexity="4" coveredmethods="2" methods="2" elements="15" statements="11" conditionals="2" coveredstatements="10"/>
            </class>
            <line complexity="1" visibility="public" signature="hash(String) : long" num="11" count="480" type="method"/>
            <line num="13" count="480" type="stmt"/>
            <line complexity="3" visibility="public" signature="hash(byte[]) : long" num="16" count="1480" type="method"/>
            <line num="18" count="1480" type="stmt"/>
            <line num="19" count="1480" type="stmt"/>
            <line falsecount="1479" truecount="1" num="19" type="cond"/>
            <line num="20" count="1" type="stmt"/>
            <line num="23" count="0" type="stmt"/>
            <line num="25" count="1480" type="stmt"/>
            <line num="27" count="1480" type="stmt"/>
            <line num="28" count="1480" type="stmt"/>
            <line num="29" count="1480" type="stmt"/>
            <line num="30" count="1480" type="stmt"/>
            <line num="32" count="1480" type="stmt"/>
         </file>
         <file path="/Users/George/IdeaProjects/CS441_HW2_Final/src/main/java/redis/clients/util/JedisURIHelper.java" name="JedisURIHelper.java">
            <metrics coveredelements="23" coveredconditionals="6" complexity="11" loc="46" coveredmethods="4" methods="5" elements="29" classes="1" ncloc="36" statements="16" conditionals="8" coveredstatements="13"/>
            <class name="JedisURIHelper">
               <metrics coveredelements="23" coveredconditionals="6" complexity="11" coveredmethods="4" methods="5" elements="29" statements="16" conditionals="8" coveredstatements="13"/>
            </class>
            <line complexity="1" visibility="private" signature="JedisURIHelper()" num="9" count="0" type="method"/>
            <line num="10" count="0" type="stmt"/>
            <line complexity="2" visibility="public" signature="getPassword(URI) : String" num="13" count="2" type="method"/>
            <line num="14" count="2" type="stmt"/>
            <line num="15" count="2" type="stmt"/>
            <line falsecount="1" truecount="1" num="15" type="cond"/>
            <line num="16" count="1" type="stmt"/>
            <line num="18" count="1" type="stmt"/>
            <line complexity="3" visibility="public" signature="getDBIndex(URI) : int" num="21" count="3" type="method"/>
            <line num="22" count="3" type="stmt"/>
            <line num="23" count="3" type="stmt"/>
            <line falsecount="1" truecount="2" num="23" type="cond"/>
            <line num="24" count="2" type="stmt"/>
            <line num="25" count="2" type="stmt"/>
            <line falsecount="2" truecount="0" num="25" type="cond"/>
            <line num="26" count="0" type="stmt"/>
            <line num="28" count="2" type="stmt"/>
            <line num="30" count="1" type="stmt"/>
            <line complexity="4" visibility="public" signature="isValid(URI) : boolean" num="34" count="4" type="method"/>
            <line num="35" count="4" type="stmt"/>
            <line falsecount="0" truecount="4" num="35" type="cond"/>
            <line num="36" count="4" type="stmt"/>
            <line num="39" count="0" type="stmt"/>
            <line complexity="1" visibility="private" signature="isEmpty(String) : boolean" num="42" count="8" type="method"/>
            <line num="43" count="8" type="stmt"/>
         </file>
         <file path="/Users/George/IdeaProjects/CS441_HW2_Final/src/main/java/redis/clients/util/IOUtils.java" name="IOUtils.java">
            <metrics coveredelements="0" coveredconditionals="0" complexity="4" loc="20" coveredmethods="0" methods="2" elements="7" classes="1" ncloc="15" statements="3" conditionals="2" coveredstatements="0"/>
            <class name="IOUtils">
               <metrics coveredelements="0" coveredconditionals="0" complexity="4" coveredmethods="0" methods="2" elements="7" statements="3" conditionals="2" coveredstatements="0"/>
            </class>
            <line complexity="1" visibility="private" signature="IOUtils()" num="7" count="0" type="method"/>
            <line complexity="3" visibility="public" signature="closeQuietly(Socket) : void" num="10" count="0" type="method"/>
            <line num="12" count="0" type="stmt"/>
            <line falsecount="0" truecount="0" num="12" type="cond"/>
            <line num="13" count="0" type="stmt"/>
            <line num="14" count="0" type="stmt"/>
         </file>
         <file path="/Users/George/IdeaProjects/CS441_HW2_Final/src/main/java/redis/clients/util/Pool.java" name="Pool.java">
            <metrics coveredelements="1" coveredconditionals="0" complexity="37" loc="191" coveredmethods="1" methods="19" elements="90" classes="1" ncloc="125" statements="49" conditionals="22" coveredstatements="0"/>
            <class name="Pool">
               <metrics coveredelements="1" coveredconditionals="0" complexity="37" coveredmethods="1" methods="19" elements="90" statements="49" conditionals="22" coveredstatements="0"/>
            </class>
            <line complexity="1" visibility="public" signature="Pool()" num="20" count="2" type="method"/>
            <line complexity="1" visibility="public" signature="Pool(GenericObjectPoolConfig,PooledObjectFactory&lt;T&gt;)" num="23" count="0" type="method"/>
            <line num="24" count="0" type="stmt"/>
            <line complexity="1" visibility="public" signature="close() : void" num="27" count="0" type="method"/>
            <line num="29" count="0" type="stmt"/>
            <line complexity="1" visibility="public" signature="isClosed() : boolean" num="32" count="0" type="method"/>
            <line num="33" count="0" type="stmt"/>
            <line complexity="3" visibility="public" signature="initPool(GenericObjectPoolConfig,PooledObjectFactory&lt;T&gt;) : void" num="36" count="0" type="method"/>
            <line num="38" count="0" type="stmt"/>
            <line falsecount="0" truecount="0" num="38" type="cond"/>
            <line num="39" count="0" type="stmt"/>
            <line num="40" count="0" type="stmt"/>
            <line num="45" count="0" type="stmt"/>
            <line complexity="4" visibility="public" signature="getResource() : T" num="48" count="0" type="method"/>
            <line num="49" count="0" type="stmt"/>
            <line num="50" count="0" type="stmt"/>
            <line num="52" count="0" type="stmt"/>
            <line falsecount="0" truecount="0" num="52" type="cond"/>
            <line num="53" count="0" type="stmt"/>
            <line num="57" count="0" type="stmt"/>
            <line num="59" count="0" type="stmt"/>
            <line complexity="3" visibility="protected" signature="returnResourceObject(T) : void" num="63" count="0" type="method"/>
            <line num="64" count="0" type="stmt"/>
            <line falsecount="0" truecount="0" num="64" type="cond"/>
            <line num="65" count="0" type="stmt"/>
            <line num="67" count="0" type="stmt"/>
            <line num="68" count="0" type="stmt"/>
            <line num="70" count="0" type="stmt"/>
            <line complexity="2" visibility="protected" signature="returnBrokenResource(T) : void" num="74" count="0" type="method"/>
            <line num="75" count="0" type="stmt"/>
            <line falsecount="0" truecount="0" num="75" type="cond"/>
            <line num="76" count="0" type="stmt"/>
            <line complexity="2" visibility="protected" signature="returnResource(T) : void" num="80" count="0" type="method"/>
            <line num="81" count="0" type="stmt"/>
            <line falsecount="0" truecount="0" num="81" type="cond"/>
            <line num="82" count="0" type="stmt"/>
            <line complexity="1" visibility="public" signature="destroy() : void" num="86" count="0" type="method"/>
            <line num="87" count="0" type="stmt"/>
            <line complexity="2" visibility="protected" signature="returnBrokenResourceObject(T) : void" num="90" count="0" type="method"/>
            <line num="91" count="0" type="stmt"/>
            <line num="92" count="0" type="stmt"/>
            <line num="94" count="0" type="stmt"/>
            <line complexity="2" visibility="protected" signature="closeInternalPool() : void" num="98" count="0" type="method"/>
            <line num="99" count="0" type="stmt"/>
            <line num="100" count="0" type="stmt"/>
            <line num="102" count="0" type="stmt"/>
            <line complexity="2" visibility="public" signature="getNumActive() : int" num="112" count="0" type="method"/>
            <line num="113" count="0" type="stmt"/>
            <line falsecount="0" truecount="0" num="113" type="cond"/>
            <line num="114" count="0" type="stmt"/>
            <line num="117" count="0" type="stmt"/>
            <line complexity="2" visibility="public" signature="getNumIdle() : int" num="126" count="0" type="method"/>
            <line num="127" count="0" type="stmt"/>
            <line falsecount="0" truecount="0" num="127" type="cond"/>
            <line num="128" count="0" type="stmt"/>
            <line num="131" count="0" type="stmt"/>
            <line complexity="2" visibility="public" signature="getNumWaiters() : int" num="140" count="0" type="method"/>
            <line num="141" count="0" type="stmt"/>
            <line falsecount="0" truecount="0" num="141" type="cond"/>
            <line num="142" count="0" type="stmt"/>
            <line num="145" count="0" type="stmt"/>
            <line complexity="2" visibility="public" signature="getMeanBorrowWaitTimeMillis() : long" num="155" count="0" type="method"/>
            <line num="156" count="0" type="stmt"/>
            <line falsecount="0" truecount="0" num="156" type="cond"/>
            <line num="157" count="0" type="stmt"/>
            <line num="160" count="0" type="stmt"/>
            <line complexity="2" visibility="public" signature="getMaxBorrowWaitTimeMillis() : long" num="170" count="0" type="method"/>
            <line num="171" count="0" type="stmt"/>
            <line falsecount="0" truecount="0" num="171" type="cond"/>
            <line num="172" count="0" type="stmt"/>
            <line num="175" count="0" type="stmt"/>
            <line complexity="1" visibility="private" signature="poolInactive() : boolean" num="178" count="0" type="method"/>
            <line num="179" count="0" type="stmt"/>
            <line complexity="3" visibility="public" signature="addObjects(int) : void" num="182" count="0" type="method"/>
            <line num="183" count="0" type="stmt"/>
            <line num="184" count="0" type="stmt"/>
            <line falsecount="0" truecount="0" num="184" type="cond"/>
            <line num="185" count="0" type="stmt"/>
            <line num="188" count="0" type="stmt"/>
         </file>
         <file path="/Users/George/IdeaProjects/CS441_HW2_Final/src/main/java/redis/clients/util/RedisOutputStream.java" name="RedisOutputStream.java">
            <metrics coveredelements="58" coveredconditionals="12" complexity="41" loc="219" coveredmethods="9" methods="13" elements="173" classes="1" ncloc="181" statements="104" conditionals="56" coveredstatements="37"/>
            <class name="RedisOutputStream">
               <metrics coveredelements="58" coveredconditionals="12" complexity="41" coveredmethods="9" methods="13" elements="173" statements="104" conditionals="56" coveredstatements="37"/>
            </class>
            <line complexity="1" visibility="public" signature="RedisOutputStream(OutputStream)" num="38" count="2" type="method"/>
            <line num="39" count="2" type="stmt"/>
            <line complexity="2" visibility="public" signature="RedisOutputStream(OutputStream,int)" num="42" count="2" type="method"/>
            <line num="43" count="2" type="stmt"/>
            <line num="44" count="2" type="stmt"/>
            <line falsecount="2" truecount="0" num="44" type="cond"/>
            <line num="45" count="0" type="stmt"/>
            <line num="47" count="2" type="stmt"/>
            <line complexity="2" visibility="private" signature="flushBuffer() : void" num="50" count="2" type="method"/>
            <line num="51" count="2" type="stmt"/>
            <line falsecount="0" truecount="2" num="51" type="cond"/>
            <line num="52" count="2" type="stmt"/>
            <line num="53" count="1" type="stmt"/>
            <line complexity="2" visibility="public" signature="write(byte) : void" num="57" count="5" type="method"/>
            <line num="58" count="5" type="stmt"/>
            <line falsecount="4" truecount="1" num="58" type="cond"/>
            <line num="59" count="1" type="stmt"/>
            <line num="61" count="4" type="stmt"/>
            <line complexity="1" visibility="public" signature="write(byte[]) : void" num="64" count="3" type="method"/>
            <line num="66" count="3" type="stmt"/>
            <line complexity="3" visibility="public" signature="write(byte[],int,int) : void" num="69" count="3" type="method"/>
            <line num="71" count="3" type="stmt"/>
            <line falsecount="3" truecount="0" num="71" type="cond"/>
            <line num="72" count="0" type="stmt"/>
            <line num="73" count="0" type="stmt"/>
            <line num="75" count="3" type="stmt"/>
            <line falsecount="3" truecount="0" num="75" type="cond"/>
            <line num="76" count="0" type="stmt"/>
            <line num="79" count="3" type="stmt"/>
            <line num="80" count="3" type="stmt"/>
            <line complexity="3" visibility="public" signature="writeAsciiCrLf(String) : void" num="84" count="0" type="method"/>
            <line num="85" count="0" type="stmt"/>
            <line num="87" count="0" type="stmt"/>
            <line falsecount="0" truecount="0" num="87" type="cond"/>
            <line num="88" count="0" type="stmt"/>
            <line falsecount="0" truecount="0" num="88" type="cond"/>
            <line num="89" count="0" type="stmt"/>
            <line num="91" count="0" type="stmt"/>
            <line num="94" count="0" type="stmt"/>
            <line complexity="1" visibility="public" signature="isSurrogate(char) : boolean" num="97" count="0" type="method"/>
            <line num="98" count="0" type="stmt"/>
            <line complexity="5" visibility="public" signature="utf8Length(String) : int" num="101" count="0" type="method"/>
            <line num="102" count="0" type="stmt"/>
            <line num="103" count="0" type="stmt"/>
            <line falsecount="0" truecount="0" num="103" type="cond"/>
            <line num="104" count="0" type="stmt"/>
            <line num="105" count="0" type="stmt"/>
            <line falsecount="0" truecount="0" num="105" type="cond"/>
            <line num="106" count="0" type="stmt"/>
            <line num="107" count="0" type="stmt"/>
            <line falsecount="0" truecount="0" num="107" type="cond"/>
            <line num="108" count="0" type="stmt"/>
            <line num="109" count="0" type="stmt"/>
            <line falsecount="0" truecount="0" num="109" type="cond"/>
            <line num="110" count="0" type="stmt"/>
            <line num="111" count="0" type="stmt"/>
            <line num="113" count="0" type="stmt"/>
            <line num="116" count="0" type="stmt"/>
            <line complexity="2" visibility="public" signature="writeCrLf() : void" num="119" count="5" type="method"/>
            <line num="120" count="5" type="stmt"/>
            <line falsecount="5" truecount="0" num="120" type="cond"/>
            <line num="121" count="0" type="stmt"/>
            <line num="124" count="5" type="stmt"/>
            <line num="125" count="5" type="stmt"/>
            <line complexity="12" visibility="public" signature="writeUtf8CrLf(String) : void" num="128" count="0" type="method"/>
            <line num="129" count="0" type="stmt"/>
            <line num="131" count="0" type="stmt"/>
            <line num="132" count="0" type="stmt"/>
            <line falsecount="0" truecount="0" num="132" type="cond"/>
            <line num="133" count="0" type="stmt"/>
            <line num="134" count="0" type="stmt"/>
            <line num="134" count="0" type="stmt"/>
            <line falsecount="0" truecount="0" num="134" type="cond"/>
            <line num="135" count="0" type="stmt"/>
            <line falsecount="0" truecount="0" num="135" type="cond"/>
            <line num="136" count="0" type="stmt"/>
            <line num="138" count="0" type="stmt"/>
            <line num="141" count="0" type="stmt"/>
            <line falsecount="0" truecount="0" num="141" type="cond"/>
            <line num="142" count="0" type="stmt"/>
            <line num="143" count="0" type="stmt"/>
            <line falsecount="0" truecount="0" num="143" type="cond"/>
            <line num="144" count="0" type="stmt"/>
            <line falsecount="0" truecount="0" num="144" type="cond"/>
            <line num="145" count="0" type="stmt"/>
            <line num="147" count="0" type="stmt"/>
            <line num="148" count="0" type="stmt"/>
            <line falsecount="0" truecount="0" num="148" type="cond"/>
            <line num="149" count="0" type="stmt"/>
            <line falsecount="0" truecount="0" num="149" type="cond"/>
            <line num="150" count="0" type="stmt"/>
            <line num="152" count="0" type="stmt"/>
            <line num="153" count="0" type="stmt"/>
            <line num="154" count="0" type="stmt"/>
            <line falsecount="0" truecount="0" num="154" type="cond"/>
            <line num="155" count="0" type="stmt"/>
            <line falsecount="0" truecount="0" num="155" type="cond"/>
            <line num="156" count="0" type="stmt"/>
            <line num="158" count="0" type="stmt"/>
            <line num="159" count="0" type="stmt"/>
            <line num="160" count="0" type="stmt"/>
            <line num="161" count="0" type="stmt"/>
            <line num="162" count="0" type="stmt"/>
            <line num="164" count="0" type="stmt"/>
            <line falsecount="0" truecount="0" num="164" type="cond"/>
            <line num="165" count="0" type="stmt"/>
            <line num="167" count="0" type="stmt"/>
            <line num="168" count="0" type="stmt"/>
            <line num="169" count="0" type="stmt"/>
            <line num="173" count="0" type="stmt"/>
            <line complexity="6" visibility="public" signature="writeIntCrLf(int) : void" num="176" count="3" type="method"/>
            <line num="177" count="3" type="stmt"/>
            <line falsecount="3" truecount="0" num="177" type="cond"/>
            <line num="178" count="0" type="stmt"/>
            <line num="179" count="0" type="stmt"/>
            <line num="182" count="3" type="stmt"/>
            <line num="183" count="3" type="stmt"/>
            <line falsecount="3" truecount="0" num="183" type="cond"/>
            <line num="184" count="0" type="stmt"/>
            <line num="186" count="3" type="stmt"/>
            <line num="187" count="3" type="stmt"/>
            <line falsecount="3" truecount="0" num="187" type="cond"/>
            <line num="188" count="0" type="stmt"/>
            <line num="191" count="3" type="stmt"/>
            <line num="192" count="3" type="stmt"/>
            <line num="194" count="3" type="stmt"/>
            <line falsecount="3" truecount="0" num="194" type="cond"/>
            <line num="195" count="0" type="stmt"/>
            <line num="196" count="0" type="stmt"/>
            <line num="197" count="0" type="stmt"/>
            <line num="198" count="0" type="stmt"/>
            <line num="199" count="0" type="stmt"/>
            <line num="202" count="3" type="stmt"/>
            <line num="203" count="3" type="stmt"/>
            <line num="204" count="3" type="stmt"/>
            <line num="205" count="3" type="stmt"/>
            <line num="206" count="3" type="stmt"/>
            <line num="207" count="3" type="stmt"/>
            <line num="207" count="3" type="stmt"/>
            <line falsecount="0" truecount="3" num="207" type="cond"/>
            <line num="209" count="3" type="stmt"/>
            <line num="211" count="3" type="stmt"/>
            <line complexity="1" visibility="public" signature="flush() : void" num="214" count="1" type="method"/>
            <line num="216" count="1" type="stmt"/>
            <line num="217" count="1" type="stmt"/>
         </file>
[...]
            <line num="14" count="0" type="stmt"/>
            <line num="17" count="1" type="stmt"/>
            <line complexity="1" visibility="public" signature="onCommand() : void" num="20" testsuccess="true" count="1" testduration="0.0" type="method"/>
            <line num="22" count="1" type="stmt"/>
         </file>
         <file path="/Users/George/IdeaProjects/CS441_HW2_Final/src/test/java/redis/clients/jedis/tests/HostAndPortTest.java" name="HostAndPortTest.java">
            <metrics coveredelements="54" coveredconditionals="0" complexity="8" loc="106" coveredmethods="8" methods="8" elements="54" classes="1" ncloc="81" statements="46" conditionals="0" coveredstatements="46"/>
            <class name="HostAndPortTest">
               <metrics coveredelements="54" complexity="8" methods="8" testruns="8" statements="46" coveredconditionals="0" coveredmethods="8" elements="54" testfailures="0" testduration="0.048999999999999995" conditionals="0" coveredstatements="46" testpasses="8"/>
            </class>
            <line complexity="1" visibility="public" signature="checkExtractParts() : void" num="14" testsuccess="true" count="1" testduration="0.044" type="method"/>
            <line num="16" count="1" type="stmt"/>
            <line num="17" count="1" type="stmt"/>
            <line num="19" count="1" type="stmt"/>
            <line num="22" count="1" type="stmt"/>
            <line num="23" count="1" type="stmt"/>
            <line num="24" count="1" type="stmt"/>
            <line num="27" count="1" type="stmt"/>
            <line num="28" count="1" type="stmt"/>
            <line num="29" count="1" type="stmt"/>
            <line num="33" count="1" type="stmt"/>
            <line num="34" count="1" type="stmt"/>
            <line num="35" count="1" type="stmt"/>
            <line num="38" count="1" type="stmt"/>
            <line num="39" count="1" type="stmt"/>
            <line num="40" count="1" type="stmt"/>
            <line complexity="1" visibility="public" signature="checkParseString() : void" num="44" testsuccess="true" count="1" testduration="0.001" type="method"/>
            <line num="46" count="1" type="stmt"/>
            <line num="47" count="1" type="stmt"/>
            <line num="48" count="1" type="stmt"/>
            <line num="49" count="1" type="stmt"/>
            <line num="50" count="1" type="stmt"/>
            <line complexity="1" visibility="public" signature="checkParseStringWithoutPort() : void" num="53" testsuccess="true" count="1" testduration="0.0" type="method"/>
            <line num="55" count="1" type="stmt"/>
            <line num="56" count="1" type="stmt"/>
            <line complexity="1" visibility="public" signature="checkConvertHost() : void" num="59" testsuccess="true" count="1" testduration="0.001" type="method"/>
            <line num="61" count="1" type="stmt"/>
            <line num="62" count="1" type="stmt"/>
            <line complexity="1" visibility="public" signature="setLocalhost() : void" num="65" testsuccess="true" count="1" testduration="0.0" type="method"/>
            <line num="67" count="1" type="stmt"/>
            <line num="68" count="1" type="stmt"/>
            <line num="69" count="1" type="stmt"/>
            <line num="70" count="1" type="stmt"/>
            <line num="71" count="1" type="stmt"/>
            <line complexity="1" visibility="public" signature="getLocalhost() : void" num="74" testsuccess="true" count="1" testduration="0.002" type="method"/>
            <line num="76" count="1" type="stmt"/>
            <line num="77" count="1" type="stmt"/>
            <line num="78" count="1" type="stmt"/>
            <line num="79" count="1" type="stmt"/>
            <line num="80" count="1" type="stmt"/>
            <line num="82" count="1" type="stmt"/>
            <line num="83" count="1" type="stmt"/>
            <line complexity="1" visibility="public" signature="getLocalhostQuietly() : void" num="86" testsuccess="true" count="1" testduration="0.001" type="method"/>
            <line num="88" count="1" type="stmt"/>
            <line num="89" count="1" type="stmt"/>
            <line num="90" count="1" type="stmt"/>
            <line num="91" count="1" type="stmt"/>
            <line num="92" count="1" type="stmt"/>
            <line complexity="1" visibility="public" signature="equals() : void" num="96" testsuccess="true" count="1" testduration="0.0" type="method"/>
            <line num="98" count="1" type="stmt"/>
            <line num="99" count="1" type="stmt"/>
            <line num="100" count="1" type="stmt"/>
            <line num="101" count="1" type="stmt"/>
            <line num="102" count="1" type="stmt"/>
         </file>
         <file path="/Users/George/IdeaProjects/CS441_HW2_Final/src/test/java/redis/clients/jedis/tests/KeyMergeUtilTest.java" name="KeyMergeUtilTest.java">
            <metrics coveredelements="22" coveredconditionals="0" complexity="2" loc="41" coveredmethods="2" methods="2" elements="22" classes="1" ncloc="33" statements="20" conditionals="0" coveredstatements="20"/>
            <class name="KeyMergeUtilTest">
               <metrics coveredelements="22" complexity="2" methods="2" testruns="2" statements="20" coveredconditionals="0" coveredmethods="2" elements="22" testfailures="0" testduration="0.002" conditionals="0" coveredstatements="20" testpasses="2"/>
            </class>
            <line complexity="1" visibility="public" signature="testMergeBinaryKeys() : void" num="12" testsuccess="true" count="1" testduration="0.002" type="method"/>
            <line num="14" count="1" type="stmt"/>
            <line num="15" count="1" type="stmt"/>
            <line num="16" count="1" type="stmt"/>
            <line num="17" count="1" type="stmt"/>
            <line num="19" count="1" type="stmt"/>
            <line num="20" count="1" type="stmt"/>
            <line num="21" count="1" type="stmt"/>
            <line num="22" count="1" type="stmt"/>
            <line num="23" count="1" type="stmt"/>
            <line num="24" count="1" type="stmt"/>
            <line complexity="1" visibility="public" signature="testMergeStringKeys() : void" num="27" testsuccess="true" count="1" testduration="0.0" type="method"/>
            <line num="29" count="1" type="stmt"/>
            <line num="30" count="1" type="stmt"/>
            <line num="31" count="1" type="stmt"/>
            <line num="32" count="1" type="stmt"/>
            <line num="34" count="1" type="stmt"/>
            <line num="35" count="1" type="stmt"/>
            <line num="36" count="1" type="stmt"/>
            <line num="37" count="1" type="stmt"/>
            <line num="38" count="1" type="stmt"/>
            <line num="39" count="1" type="stmt"/>
         </file>
         <file path="/Users/George/IdeaProjects/CS441_HW2_Final/src/test/java/redis/clients/jedis/tests/TupleTest.java" name="TupleTest.java">
            <metrics coveredelements="14" coveredconditionals="0" complexity="2" loc="36" coveredmethods="2" methods="2" elements="14" classes="1" ncloc="24" statements="12" conditionals="0" coveredstatements="12"/>
            <class name="TupleTest">
               <metrics coveredelements="14" complexity="2" methods="2" testruns="2" statements="12" coveredconditionals="0" coveredmethods="2" elements="14" testfailures="0" testduration="0.007" conditionals="0" coveredstatements="12" testpasses="2"/>
            </class>
            <line complexity="1" visibility="public" signature="tupleCompare() : void" num="13" testsuccess="true" count="1" testduration="0.007" type="method"/>
            <line num="15" count="1" type="stmt"/>
            <line num="16" count="1" type="stmt"/>
            <line num="18" count="1" type="stmt"/>
            <line num="19" count="1" type="stmt"/>
            <line num="20" count="1" type="stmt"/>
            <line complexity="1" visibility="public" signature="testCompareTo() : void" num="23" testsuccess="true" count="1" testduration="0.0" type="method"/>
            <line num="25" count="1" type="stmt"/>
            <line num="26" count="1" type="stmt"/>
            <line num="27" count="1" type="stmt"/>
            <line num="29" count="1" type="stmt"/>
            <line num="30" count="1" type="stmt"/>
            <line num="32" count="1" type="stmt"/>
            <line num="33" count="1" type="stmt"/>
         </file>
         <file path="/Users/George/IdeaProjects/CS441_HW2_Final/src/test/java/redis/clients/jedis/tests/ConnectionCloseTest.java" name="ConnectionCloseTest.java">
            <metrics coveredelements="11" coveredconditionals="0" complexity="4" loc="42" coveredmethods="4" methods="4" elements="11" classes="1" ncloc="28" statements="7" conditionals="0" coveredstatements="7"/>
            <class name="ConnectionCloseTest">
               <metrics coveredelements="11" complexity="4" methods="4" testruns="2" statements="7" coveredconditionals="0" coveredmethods="4" elements="11" testfailures="0" testduration="0.038" conditionals="0" coveredstatements="7" testpasses="2"/>
            </class>
            <line complexity="1" visibility="public" signature="setUp() : void" num="13" count="2" type="method"/>
            <line num="15" count="2" type="stmt"/>
            <line complexity="1" visibility="public" signature="tearDown() : void" num="18" count="2" type="method"/>
            <line num="20" count="2" type="stmt"/>
            <line complexity="1" visibility="public" signature="checkUnkownHost() : void" num="23" testsuccess="true" count="1" testduration="0.024" type="method"/>
            <line num="25" count="1" type="stmt"/>
            <line num="26" count="1" type="stmt"/>
            <line complexity="1" visibility="public" signature="checkWrongPort() : void" num="29" testsuccess="true" count="1" testduration="0.014" type="method"/>
            <line num="31" count="1" type="stmt"/>
            <line num="32" count="1" type="stmt"/>
            <line num="33" count="1" type="stmt"/>
         </file>
         <file path="/Users/George/IdeaProjects/CS441_HW2_Final/src/test/java/redis/clients/jedis/tests/ProtocolTest.java" name="ProtocolTest.java">
            <metrics coveredelements="62" coveredconditionals="0" complexity="14" loc="131" coveredmethods="11" methods="11" elements="65" classes="1" ncloc="109" statements="52" conditionals="2" coveredstatements="51"/>
            <class name="ProtocolTest">
               <metrics coveredelements="62" complexity="14" methods="11" testruns="10" statements="52" coveredconditionals="0" coveredmethods="11" elements="65" testfailures="0" testduration="0.021000000000000005" conditionals="2" coveredstatements="51" testpasses="10"/>
            </class>
            <line complexity="2" visibility="public" signature="buildACommand() : void" num="18" testsuccess="true" count="1" testduration="0.0" type="method"/>
            <line num="20" count="1" type="stmt"/>
            <line num="21" count="1" type="stmt"/>
            <line num="22" count="1" type="stmt"/>
            <line num="23" count="1" type="stmt"/>
            <line num="25" count="1" type="stmt"/>
            <line num="26" count="1" type="stmt"/>
            <line num="27" count="1" type="stmt"/>
            <line num="28" count="1" type="stmt"/>
            <line num="30" count="1" type="stmt"/>
            <line num="31" count="1" type="stmt"/>
            <line num="32" count="1" type="stmt"/>
            <line falsecount="0" truecount="0" num="32" type="cond"/>
            <line num="33" count="26" type="stmt"/>
            <line num="36" count="1" type="stmt"/>
            <line complexity="2" visibility="public" signature="writeOverflow() : void" num="39" testsuccess="true" count="1" testduration="0.006" type="method"/>
            <line num="41" count="1" type="stmt"/>
            <line complexity="1" visibility="public" signature="write(int) : void" num="43" count="1" type="method"/>
            <line num="45" count="1" type="stmt"/>
            <line num="50" count="1" type="stmt"/>
            <line num="52" count="1" type="stmt"/>
            <line num="53" count="1" type="stmt"/>
            <line num="57" count="1" type="stmt"/>
            <line complexity="1" visibility="public" signature="bulkReply() : void" num="61" testsuccess="true" count="1" testduration="0.0" type="method"/>
            <line num="63" count="1" type="stmt"/>
            <line num="64" count="1" type="stmt"/>
            <line num="65" count="1" type="stmt"/>
            <line complexity="1" visibility="public" signature="fragmentedBulkReply() : void" num="68" testsuccess="true" count="1" testduration="0.001" type="method"/>
            <line num="70" count="1" type="stmt"/>
            <line num="72" count="1" type="stmt"/>
            <line num="73" count="1" type="stmt"/>
            <line complexity="1" visibility="public" signature="nullBulkReply() : void" num="76" testsuccess="true" count="1" testduration="0.005" type="method"/>
            <line num="78" count="1" type="stmt"/>
            <line num="79" count="1" type="stmt"/>
            <line num="80" count="1" type="stmt"/>
            <line complexity="1" visibility="public" signature="singleLineReply() : void" num="83" testsuccess="true" count="1" testduration="0.003" type="method"/>
            <line num="85" count="1" type="stmt"/>
            <line num="86" count="1" type="stmt"/>
            <line num="87" count="1" type="stmt"/>
            <line complexity="1" visibility="public" signature="integerReply() : void" num="90" testsuccess="true" count="1" testduration="0.0" type="method"/>
            <line num="92" count="1" type="stmt"/>
            <line num="93" count="1" type="stmt"/>
            <line num="94" count="1" type="stmt"/>
            <line complexity="1" visibility="public" signature="multiBulkReply() : void" num="97" testsuccess="true" count="1" testduration="0.003" type="method"/>
            <line num="100" count="1" type="stmt"/>
            <line num="102" count="1" type="stmt"/>
            <line num="103" count="1" type="stmt"/>
            <line num="104" count="1" type="stmt"/>
            <line num="105" count="1" type="stmt"/>
            <line num="106" count="1" type="stmt"/>
            <line num="107" count="1" type="stmt"/>
            <line num="108" count="1" type="stmt"/>
            <line complexity="1" visibility="public" signature="nullMultiBulkReply() : void" num="111" testsuccess="true" count="1" testduration="0.001" type="method"/>
            <line num="114" count="1" type="stmt"/>
            <line num="115" count="1" type="stmt"/>
            <line num="116" count="1" type="stmt"/>
            <line complexity="2" visibility="public" signature="busyReply() : void" num="119" testsuccess="true" count="1" testduration="0.002" type="method"/>
            <line num="121" count="1" type="stmt"/>
            <line num="122" count="1" type="stmt"/>
            <line num="123" count="1" type="stmt"/>
            <line num="124" count="1" type="stmt"/>
            <line num="126" count="1" type="stmt"/>
            <line num="127" count="1" type="stmt"/>
            <line num="129" count="0" type="stmt"/>
         </file>
      </package>
      <package name="redis.clients.jedis.tests.utils">
         <metrics coveredelements="36" complexity="9" loc="95" methods="9" classes="2" statements="27" coveredconditionals="0" coveredmethods="9" elements="36" ncloc="73" files="2" conditionals="0" coveredstatements="27"/>
         <file path="/Users/George/IdeaProjects/CS441_HW2_Final/src/test/java/redis/clients/jedis/tests/utils/JedisClusterCRC16Test.java" name="JedisClusterCRC16Test.java">
            <metrics coveredelements="16" coveredconditionals="0" complexity="3" loc="44" coveredmethods="3" methods="3" elements="16" classes="1" ncloc="33" statements="13" conditionals="0" coveredstatements="13"/>
            <class name="JedisClusterCRC16Test">
               <metrics coveredelements="16" complexity="3" methods="3" testruns="2" statements="13" coveredconditionals="0" coveredmethods="3" elements="16" testfailures="0" testduration="0.006" conditionals="0" coveredstatements="13" testpasses="2"/>
            </class>
            <line complexity="1" visibility="public" signature="testGetCRC16() : void" num="15" testsuccess="true" count="1" testduration="0.002" type="method"/>
            <line num="17" count="1" type="stmt"/>
            <line num="19" count="1" type="stmt"/>
            <line num="21" count="6" type="stmt"/>
            <line num="24" count="6" type="stmt"/>
            <line complexity="1" visibility="public" signature="testGetSlot() : void" num="29" testsuccess="true" count="1" testduration="0.004" type="method"/>
            <line num="31" count="1" type="stmt"/>
            <line complexity="1" visibility="private" signature="prepareSolutionSet() : Map&lt;String, Integer&gt;" num="34" count="1" type="method"/>
            <line num="35" count="1" type="stmt"/>
            <line num="36" count="1" type="stmt"/>
            <line num="37" count="1" type="stmt"/>
            <line num="38" count="1" type="stmt"/>
            <line num="39" count="1" type="stmt"/>
            <line num="40" count="1" type="stmt"/>
            <line num="41" count="1" type="stmt"/>
            <line num="42" count="1" type="stmt"/>
         </file>
         <file path="/Users/George/IdeaProjects/CS441_HW2_Final/src/test/java/redis/clients/jedis/tests/utils/JedisURIHelperTest.java" name="JedisURIHelperTest.java">
            <metrics coveredelements="20" coveredconditionals="0" complexity="6" loc="51" coveredmethods="6" methods="6" elements="20" classes="1" ncloc="40" statements="14" conditionals="0" coveredstatements="14"/>
            <class name="JedisURIHelperTest">
               <metrics coveredelements="20" complexity="6" methods="6" testruns="6" statements="14" coveredconditionals="0" coveredmethods="6" elements="20" testfailures="0" testduration="0.004" conditionals="0" coveredstatements="14" testpasses="6"/>
            </class>
            <line complexity="1" visibility="public" signature="shouldGetPasswordFromURIWithCredentials() : void" num="13" testsuccess="true" count="1" testduration="0.0" type="method"/>
            <line num="15" count="1" type="stmt"/>
            <line num="16" count="1" type="stmt"/>
            <line complexity="1" visibility="public" signature="shouldReturnNullIfURIDoesNotHaveCredentials() : void" num="19" testsuccess="true" count="1" testduration="0.0" type="method"/>
            <line num="21" count="1" type="stmt"/>
            <line num="22" count="1" type="stmt"/>
            <line complexity="1" visibility="public" signature="shouldGetDbFromURIWithCredentials() : void" num="25" testsuccess="true" count="1" testduration="0.001" type="method"/>
            <line num="27" count="1" type="stmt"/>
            <line num="28" count="1" type="stmt"/>
            <line complexity="1" visibility="public" signature="shouldGetDbFromURIWithoutCredentials() : void" num="31" testsuccess="true" count="1" testduration="0.002" type="method"/>
            <line num="33" count="1" type="stmt"/>
            <line num="34" count="1" type="stmt"/>
            <line complexity="1" visibility="public" signature="shouldGetDefaultDbFromURIIfNoDbWasSpecified() : void" num="37" testsuccess="true" count="1" testduration="0.0" type="method"/>
            <line num="39" count="1" type="stmt"/>
            <line num="40" count="1" type="stmt"/>
            <line complexity="1" visibility="public" signature="shouldValidateInvalidURIs() : void" num="43" testsuccess="true" count="1" testduration="0.001" type="method"/>
            <line num="45" count="1" type="stmt"/>
            <line num="46" count="1" type="stmt"/>
            <line num="47" count="1" type="stmt"/>
            <line num="48" count="1" type="stmt"/>
         </file>
      </package>
   </testproject>
</coverage>